<?xml version="1.0" encoding="UTF-8"?>
<!-- Generated by org.testng.reporters.JUnitReportReporter -->
<testsuite hostname="Rambabus-MacBook-Pro.local" failures="0" tests="1" name="com.IBanking.Testcases.TC_LoginPage_001" time="0.325" errors="0" timestamp="06 Nov 2019 09:39:02 GMT" skipped="0">
  <testcase classname="com.IBanking.Testcases.TC_LoginPage_001" name="logintest" time="0.325"/>
</testsuite> <!-- com.IBanking.Testcases.TC_LoginPage_001 -->
